<?xml version="1.0" encoding="UTF-8"?>
<!-- Generated by org.testng.reporters.JUnitXMLReporter -->
<testsuite ignored="0" hostname="DESKTOP-9DC0SM3" failures="0" tests="1" name="Test" time="0.122" errors="0" timestamp="2021-12-28T17:50:37 IST">
  <testcase classname="com.crm.autodesk.genericutility.BaseClass" name="@BeforeTest login" time="0.047">
    <failure type="java.lang.NullPointerException" message="Cannot invoke &amp;quot;org.openqa.selenium.SearchContext.findElement(org.openqa.selenium.By)&amp;quot; because &amp;quot;this.searchContext&amp;quot; is null">
      <![CDATA[java.lang.NullPointerException: Cannot invoke "org.openqa.selenium.SearchContext.findElement(org.openqa.selenium.By)" because "this.searchContext" is null
at org.openqa.selenium.support.pagefactory.DefaultElementLocator.findElement(DefaultElementLocator.java:69)
at org.openqa.selenium.support.pagefactory.internal.LocatingElementHandler.invoke(LocatingElementHandler.java:38)
at jdk.proxy2/jdk.proxy2.$Proxy14.sendKeys(Unknown Source)
at com.vtiger.comcast.pomrepositylib.Login.loginToApp(Login.java:39)
at com.crm.autodesk.genericutility.BaseClass.login(BaseClass.java:69)
... Removed 24 stack frames]]>
    </failure>
  </testcase> <!-- @BeforeTest login -->
  <testcase classname="com.crm.autodesk.genericutility.BaseClass" name="@BeforeClass launchBrowser" time="-1.640694037818E9">
    <skipped/>
  </testcase> <!-- @BeforeClass launchBrowser -->
  <testcase classname="com.crm.autodesk.genericutility.BaseClass" name="@AfterClass closeBrowser" time="-1.640694037842E9">
    <skipped/>
  </testcase> <!-- @AfterClass closeBrowser -->
  <testcase classname="com.crm.autodesk.genericutility.BaseClass" name="@AfterTest logout" time="-1.640694037848E9">
    <skipped/>
  </testcase> <!-- @AfterTest logout -->
  <testcase classname="com.crm.autodesk.organization.CreateNewOrganizationTest" name="CreateNewOrganizationTest" time="0.0">
    <skipped/>
  </testcase> <!-- CreateNewOrganizationTest -->
</testsuite> <!-- Test -->
